<?xml version="1.0" encoding="UTF-8"?>
<!-- Generated by org.testng.reporters.JUnitReportReporter -->
<testsuite skipped="0" hostname="RSI1507" name="br.com.rsinet.hub_tdd.falhas.ConsultaMassaFalha" tests="1" failures="0" timestamp="2020-01-17T13:54:08 BRT" time="18.382" errors="0">
  <testcase name="consultaMassa" time="18.382" classname="br.com.rsinet.hub_tdd.falhas.ConsultaMassaFalha"/>
</testsuite> <!-- br.com.rsinet.hub_tdd.falhas.ConsultaMassaFalha -->
