<?xml version="1.0" encoding="UTF-8"?>
<!-- Generated by org.testng.reporters.JUnitReportReporter -->
<testsuite skipped="0" hostname="RSI1507" name="br.com.rsinet.hub_tdd.falhas.CadastroFalha" tests="1" failures="0" timestamp="2020-01-17T11:52:57 BRT" time="17.004" errors="0">
  <testcase name="cadastro" time="17.004" classname="br.com.rsinet.hub_tdd.falhas.CadastroFalha"/>
</testsuite> <!-- br.com.rsinet.hub_tdd.falhas.CadastroFalha -->
