<?xml version="1.0" encoding="UTF-8"?>
<!-- Generated by org.testng.reporters.JUnitReportReporter -->
<testsuite skipped="0" hostname="DESKTOP-QI1A0TH" name="br.com.rsinet.hub_tdd.passes.CadastroSucesso" tests="1" failures="0" timestamp="2020-01-18T21:42:48 BRT" time="15.045" errors="0">
  <testcase name="cadastrarUsuarioNoBanco" time="15.045" classname="br.com.rsinet.hub_tdd.passes.CadastroSucesso"/>
</testsuite> <!-- br.com.rsinet.hub_tdd.passes.CadastroSucesso -->
