<?xml version="1.0" encoding="UTF-8"?>
<!-- Generated by org.testng.reporters.JUnitReportReporter -->
<testsuite skipped="0" hostname="RSI1507" name="br.com.rsinet.hub_tdd.falhas.ConsultaPesquisaFalha" tests="1" failures="0" timestamp="2020-01-17T14:03:02 BRT" time="14.998" errors="0">
  <testcase name="consultaPesquisa" time="14.998" classname="br.com.rsinet.hub_tdd.falhas.ConsultaPesquisaFalha"/>
</testsuite> <!-- br.com.rsinet.hub_tdd.falhas.ConsultaPesquisaFalha -->
