<?xml version="1.0" encoding="UTF-8"?>
<!-- Generated by org.testng.reporters.JUnitReportReporter -->
<testsuite skipped="0" hostname="DESKTOP-QI1A0TH" name="br.com.rsinet.hub_tdd.testes.falhas.ConsultaPorBarraDePesquisaErrado" tests="1" failures="0" timestamp="2020-03-01T20:03:33 BRT" time="8.548" errors="0">
  <testcase name="consultaPorBarraDePesquisaComProdutoInexistenteNoBanco" time="8.548" classname="br.com.rsinet.hub_tdd.testes.falhas.ConsultaPorBarraDePesquisaErrado"/>
</testsuite> <!-- br.com.rsinet.hub_tdd.testes.falhas.ConsultaPorBarraDePesquisaErrado -->
