<?xml version="1.0" encoding="UTF-8"?>
<!-- Generated by org.testng.reporters.JUnitReportReporter -->
<testsuite skipped="0" hostname="DESKTOP-QI1A0TH" name="br.com.rsinet.hub_tdd.testes.falhas.ConsultaPorBarraDePesquisaErrado" tests="1" failures="0" timestamp="2020-01-19T21:43:40 BRT" time="10.901" errors="0">
  <testcase name="consultaPorBarraDePesquisaComProdutoInexistenteNoBanco" time="10.901" classname="br.com.rsinet.hub_tdd.testes.falhas.ConsultaPorBarraDePesquisaErrado"/>
</testsuite> <!-- br.com.rsinet.hub_tdd.testes.falhas.ConsultaPorBarraDePesquisaErrado -->
