<?xml version="1.0" encoding="UTF-8"?>
<!-- Generated by org.testng.reporters.JUnitReportReporter -->
<testsuite skipped="0" hostname="DESKTOP-QI1A0TH" name="br.com.rsinet.hub_tdd.passes.ConsultaMassaSucesso" tests="1" failures="0" timestamp="2020-01-15T22:03:22 BRT" time="17.821" errors="0">
  <testcase name="consultaMassa" time="17.821" classname="br.com.rsinet.hub_tdd.passes.ConsultaMassaSucesso"/>
</testsuite> <!-- br.com.rsinet.hub_tdd.passes.ConsultaMassaSucesso -->
