<?xml version="1.0" encoding="UTF-8"?>
<!-- Generated by org.testng.reporters.JUnitReportReporter -->
<testsuite skipped="0" hostname="DESKTOP-QI1A0TH" name="br.com.rsinet.hub_tdd.passes.ConsultaPorBarraDePesquisaSucesso" tests="1" failures="0" timestamp="2020-01-18T21:43:06 BRT" time="10.843" errors="0">
  <testcase name="consultaProdutoPorBarraDePesquisa" time="10.843" classname="br.com.rsinet.hub_tdd.passes.ConsultaPorBarraDePesquisaSucesso"/>
</testsuite> <!-- br.com.rsinet.hub_tdd.passes.ConsultaPorBarraDePesquisaSucesso -->
