<?xml version="1.0" encoding="UTF-8"?>
<!-- Generated by org.testng.reporters.JUnitReportReporter -->
<testsuite skipped="0" hostname="DESKTOP-QI1A0TH" name="br.com.rsinet.hub_tdd.testes.sucessos.ConsultaPorCategoriaSucesso" tests="1" failures="0" timestamp="2020-01-19T21:40:13 BRT" time="23.290" errors="0">
  <testcase name="consultaProdutoPorCategoriaEEfetuaCompra" time="23.290" classname="br.com.rsinet.hub_tdd.testes.sucessos.ConsultaPorCategoriaSucesso"/>
</testsuite> <!-- br.com.rsinet.hub_tdd.testes.sucessos.ConsultaPorCategoriaSucesso -->
