<?xml version="1.0" encoding="UTF-8"?>
<!-- Generated by org.testng.reporters.JUnitReportReporter -->
<testsuite skipped="0" hostname="RSI1507" name="br.com.rsinet.hub_tdd.passes.ConsultaMassaSucesso" tests="1" failures="0" timestamp="2020-01-15T10:37:01 BRT" time="17.585" errors="0">
  <testcase name="consultaMassa" time="17.585" classname="br.com.rsinet.hub_tdd.passes.ConsultaMassaSucesso"/>
</testsuite> <!-- br.com.rsinet.hub_tdd.passes.ConsultaMassaSucesso -->
