<?xml version="1.0" encoding="UTF-8"?>
<!-- Generated by org.testng.reporters.JUnitReportReporter -->
<testsuite skipped="0" hostname="RSI1507" name="br.com.rsinet.hub_tdd.passes.CadastroSucesso" tests="1" failures="0" timestamp="2020-01-17T15:14:58 BRT" time="21.211" errors="0">
  <testcase name="cadastro" time="21.211" classname="br.com.rsinet.hub_tdd.passes.CadastroSucesso"/>
</testsuite> <!-- br.com.rsinet.hub_tdd.passes.CadastroSucesso -->
