<?xml version="1.0" encoding="UTF-8"?>
<!-- Generated by org.testng.reporters.JUnitReportReporter -->
<testsuite skipped="0" hostname="RSI1507" name="br.com.rsinet.hub_tdd.testes.sucessos.CadastroSucesso" tests="1" failures="0" timestamp="2020-01-20T10:26:58 BRT" time="17.147" errors="0">
  <testcase name="cadastrarUsuarioNoBanco" time="17.147" classname="br.com.rsinet.hub_tdd.testes.sucessos.CadastroSucesso"/>
</testsuite> <!-- br.com.rsinet.hub_tdd.testes.sucessos.CadastroSucesso -->
