<?xml version="1.0" encoding="UTF-8"?>
<!-- Generated by org.testng.reporters.JUnitReportReporter -->
<testsuite skipped="0" hostname="DESKTOP-QI1A0TH" name="br.com.rsinet.hub_tdd.testes.falhas.CadastroErrado" tests="1" failures="0" timestamp="2020-03-01T20:23:43 BRT" time="23.957" errors="0">
  <testcase name="cadastroComPreenchimentoDeDadosIncorretos" time="23.957" classname="br.com.rsinet.hub_tdd.testes.falhas.CadastroErrado"/>
</testsuite> <!-- br.com.rsinet.hub_tdd.testes.falhas.CadastroErrado -->
