<?xml version="1.0" encoding="UTF-8"?>
<!-- Generated by org.testng.reporters.JUnitReportReporter -->
<testsuite skipped="0" hostname="RSI1507" name="br.com.rsinet.hub_tdd.testes.sucessos.ConsultaPorCategoriaSucesso" tests="1" failures="0" timestamp="2020-01-20T10:27:32 BRT" time="21.672" errors="0">
  <testcase name="consultaProdutoPorCategoriaEEfetuaCompra" time="21.672" classname="br.com.rsinet.hub_tdd.testes.sucessos.ConsultaPorCategoriaSucesso"/>
</testsuite> <!-- br.com.rsinet.hub_tdd.testes.sucessos.ConsultaPorCategoriaSucesso -->
