<?xml version="1.0" encoding="UTF-8"?>
<!-- Generated by org.testng.reporters.JUnitReportReporter -->
<testsuite skipped="0" hostname="DESKTOP-QI1A0TH" name="br.com.rsinet.hub_tdd.falhas.CadastroFalha" tests="1" failures="0" timestamp="2020-01-18T17:12:37 BRT" time="16.138" errors="0">
  <testcase name="cadastro" time="16.138" classname="br.com.rsinet.hub_tdd.falhas.CadastroFalha"/>
</testsuite> <!-- br.com.rsinet.hub_tdd.falhas.CadastroFalha -->
