<?xml version="1.0" encoding="UTF-8"?>
<!-- Generated by org.testng.reporters.JUnitReportReporter -->
<testsuite skipped="0" hostname="RSI1507" name="br.com.rsinet.hub_tdd.passes.CadastroSucesso" tests="1" failures="0" timestamp="2020-01-15T10:43:05 BRT" time="16.198" errors="0">
  <testcase name="cadastro" time="16.198" classname="br.com.rsinet.hub_tdd.passes.CadastroSucesso"/>
</testsuite> <!-- br.com.rsinet.hub_tdd.passes.CadastroSucesso -->
