<?xml version="1.0" encoding="UTF-8"?>
<!-- Generated by org.testng.reporters.JUnitReportReporter -->
<testsuite skipped="0" hostname="DESKTOP-QI1A0TH" name="br.com.rsinet.hub_tdd.testes.sucessos.ConsultaPorBarraDePesquisaSucesso" tests="1" failures="0" timestamp="2020-01-19T21:42:36 BRT" time="14.053" errors="0">
  <testcase name="consultaProdutoPorBarraDePesquisa" time="14.053" classname="br.com.rsinet.hub_tdd.testes.sucessos.ConsultaPorBarraDePesquisaSucesso"/>
</testsuite> <!-- br.com.rsinet.hub_tdd.testes.sucessos.ConsultaPorBarraDePesquisaSucesso -->
