<?xml version="1.0" encoding="UTF-8"?>
<!-- Generated by org.testng.reporters.JUnitReportReporter -->
<testsuite skipped="0" hostname="DESKTOP-QI1A0TH" name="br.com.rsinet.hub_tdd.passes.ConsultaPesquisaSucesso" tests="1" failures="0" timestamp="2020-01-15T21:43:54 BRT" time="15.685" errors="0">
  <testcase name="consultaPesquisa" time="15.685" classname="br.com.rsinet.hub_tdd.passes.ConsultaPesquisaSucesso"/>
</testsuite> <!-- br.com.rsinet.hub_tdd.passes.ConsultaPesquisaSucesso -->
