<?xml version="1.0" encoding="UTF-8"?>
<!-- Generated by org.testng.reporters.JUnitReportReporter -->
<testsuite skipped="0" hostname="DESKTOP-QI1A0TH" name="br.com.rsinet.hub_tdd.falhas.ConsultaPorBarraDePesquisaErrado" tests="1" failures="0" timestamp="2020-01-18T21:41:35 BRT" time="9.085" errors="0">
  <testcase name="consultaPorBarraDePesquisaComProdutoInexistenteNoBanco" time="9.085" classname="br.com.rsinet.hub_tdd.falhas.ConsultaPorBarraDePesquisaErrado"/>
</testsuite> <!-- br.com.rsinet.hub_tdd.falhas.ConsultaPorBarraDePesquisaErrado -->
