<?xml version="1.0" encoding="UTF-8"?>
<!-- Generated by org.testng.reporters.JUnitReportReporter -->
<testsuite skipped="0" hostname="RSI1507" name="br.com.rsinet.hub_tdd.testes.falhas.ConsultaPorCategoriaErrado" tests="1" failures="0" timestamp="2020-01-27T12:01:50 BRT" time="17.085" errors="0">
  <testcase name="consultaPorCategoriaComQuantidadeAcimaDoPermitidoNoCarrinho" time="17.085" classname="br.com.rsinet.hub_tdd.testes.falhas.ConsultaPorCategoriaErrado"/>
</testsuite> <!-- br.com.rsinet.hub_tdd.testes.falhas.ConsultaPorCategoriaErrado -->
