<?xml version="1.0" encoding="UTF-8"?>
<!-- Generated by org.testng.reporters.JUnitReportReporter -->
<testsuite skipped="0" hostname="DESKTOP-QI1A0TH" name="br.com.rsinet.hub_tdd.testes.sucessos.CadastroSucesso" tests="1" failures="0" timestamp="2020-03-01T20:23:43 BRT" time="27.024" errors="0">
  <testcase name="cadastrarUsuarioNoBanco" time="27.024" classname="br.com.rsinet.hub_tdd.testes.sucessos.CadastroSucesso"/>
</testsuite> <!-- br.com.rsinet.hub_tdd.testes.sucessos.CadastroSucesso -->
