<?xml version="1.0" encoding="UTF-8"?>
<!-- Generated by org.testng.reporters.JUnitReportReporter -->
<testsuite skipped="0" hostname="RSI1507" name="br.com.rsinet.hub_tdd.passes.ConsultaPesquisaSucesso" tests="1" failures="0" timestamp="2020-01-16T10:30:36 BRT" time="17.325" errors="0">
  <testcase name="consultaPesquisa" time="17.325" classname="br.com.rsinet.hub_tdd.passes.ConsultaPesquisaSucesso"/>
</testsuite> <!-- br.com.rsinet.hub_tdd.passes.ConsultaPesquisaSucesso -->
