<?xml version="1.0" encoding="UTF-8"?>
<!-- Generated by org.testng.reporters.JUnitReportReporter -->
<testsuite skipped="0" hostname="DESKTOP-QI1A0TH" name="br.com.rsinet.hub_tdd.passes.ConsultaPorBarraDePesquisaSucesso" tests="1" failures="0" timestamp="2020-01-18T20:24:04 BRT" time="14.667" errors="0">
  <testcase name="consultaProdutoPorBarraDePesquisa" time="14.667" classname="br.com.rsinet.hub_tdd.passes.ConsultaPorBarraDePesquisaSucesso"/>
</testsuite> <!-- br.com.rsinet.hub_tdd.passes.ConsultaPorBarraDePesquisaSucesso -->
