<?xml version="1.0" encoding="UTF-8"?>
<!-- Generated by org.testng.reporters.JUnitReportReporter -->
<testsuite skipped="0" hostname="DESKTOP-QI1A0TH" name="br.com.rsinet.hub_tdd.falhas.CadastroErrado" tests="1" failures="0" timestamp="2020-01-18T21:39:17 BRT" time="12.958" errors="0">
  <testcase name="cadastroComPreenchimentoDeDadosIncorretos" time="12.958" classname="br.com.rsinet.hub_tdd.falhas.CadastroErrado"/>
</testsuite> <!-- br.com.rsinet.hub_tdd.falhas.CadastroErrado -->
