<?xml version="1.0" encoding="UTF-8"?>
<!-- Generated by org.testng.reporters.JUnitReportReporter -->
<testsuite skipped="0" hostname="DESKTOP-QI1A0TH" name="br.com.rsinet.hub_tdd.falhas.ConsultaPorCategoriaErrado" tests="1" failures="0" timestamp="2020-01-18T20:15:31 BRT" time="16.878" errors="0">
  <testcase name="consultaPorCategoriaComQuantidadeAcimaDoPermitidoNoCarrinho" time="16.878" classname="br.com.rsinet.hub_tdd.falhas.ConsultaPorCategoriaErrado"/>
</testsuite> <!-- br.com.rsinet.hub_tdd.falhas.ConsultaPorCategoriaErrado -->
