<?xml version="1.0" encoding="UTF-8"?>
<!-- Generated by org.testng.reporters.JUnitReportReporter -->
<testsuite skipped="0" hostname="DESKTOP-QI1A0TH" name="br.com.rsinet.hub_tdd.passes.CadastroSucesso" tests="1" failures="0" timestamp="2020-01-15T22:11:19 BRT" time="13.773" errors="0">
  <testcase name="cadastro" time="13.773" classname="br.com.rsinet.hub_tdd.passes.CadastroSucesso"/>
</testsuite> <!-- br.com.rsinet.hub_tdd.passes.CadastroSucesso -->
