<?xml version="1.0" encoding="UTF-8"?>
<!-- Generated by org.testng.reporters.JUnitReportReporter -->
<testsuite skipped="0" hostname="DESKTOP-QI1A0TH" name="br.com.rsinet.hub_tdd.testes.falhas.ConsultaPorCategoriaErrado" tests="1" failures="0" timestamp="2020-03-01T20:23:43 BRT" time="14.343" errors="0">
  <testcase name="consultaPorCategoriaComQuantidadeAcimaDoPermitidoNoCarrinho" time="14.343" classname="br.com.rsinet.hub_tdd.testes.falhas.ConsultaPorCategoriaErrado"/>
</testsuite> <!-- br.com.rsinet.hub_tdd.testes.falhas.ConsultaPorCategoriaErrado -->
