<?xml version="1.0" encoding="UTF-8"?>
<!-- Generated by org.testng.reporters.JUnitReportReporter -->
<testsuite skipped="0" hostname="DESKTOP-QI1A0TH" name="br.com.rsinet.hub_tdd.passes.ConsultaPorCategoriaSucesso" tests="1" failures="0" timestamp="2020-01-18T21:43:32 BRT" time="18.632" errors="0">
  <testcase name="consultaProdutoPorCategoriaEEfetuaCompra" time="18.632" classname="br.com.rsinet.hub_tdd.passes.ConsultaPorCategoriaSucesso"/>
</testsuite> <!-- br.com.rsinet.hub_tdd.passes.ConsultaPorCategoriaSucesso -->
