<?xml version="1.0" encoding="UTF-8"?>
<!-- Generated by org.testng.reporters.JUnitReportReporter -->
<testsuite skipped="0" hostname="DESKTOP-QI1A0TH" name="br.com.rsinet.hub_tdd.testes.falhas.ConsultaPorCategoriaErrado" tests="1" failures="0" timestamp="2020-01-19T21:43:10 BRT" time="15.287" errors="0">
  <testcase name="consultaPorCategoriaComQuantidadeAcimaDoPermitidoNoCarrinho" time="15.287" classname="br.com.rsinet.hub_tdd.testes.falhas.ConsultaPorCategoriaErrado"/>
</testsuite> <!-- br.com.rsinet.hub_tdd.testes.falhas.ConsultaPorCategoriaErrado -->
