<?xml version="1.0" encoding="UTF-8"?>
<!-- Generated by org.testng.reporters.JUnitReportReporter -->
<testsuite skipped="0" hostname="RSI1507" name="br.com.rsinet.hub_tdd.testes.falhas.CadastroErrado" tests="1" failures="0" timestamp="2020-01-28T11:13:37 BRT" time="17.129" errors="0">
  <testcase name="cadastroComPreenchimentoDeDadosIncorretos" time="17.129" classname="br.com.rsinet.hub_tdd.testes.falhas.CadastroErrado"/>
</testsuite> <!-- br.com.rsinet.hub_tdd.testes.falhas.CadastroErrado -->
