<?xml version="1.0" encoding="UTF-8"?>
<!-- Generated by org.testng.reporters.JUnitReportReporter -->
<testsuite skipped="0" hostname="DESKTOP-QI1A0TH" name="br.com.rsinet.hub_tdd.passes.ConsultaPorBarraDePesquisaSucesso" tests="1" failures="0" timestamp="2020-01-18T21:34:41 BRT" time="30.680" errors="0">
  <testcase name="consultaProdutoPorBarraDePesquisa" time="30.680" classname="br.com.rsinet.hub_tdd.passes.ConsultaPorBarraDePesquisaSucesso"/>
</testsuite> <!-- br.com.rsinet.hub_tdd.passes.ConsultaPorBarraDePesquisaSucesso -->
